[2024-11-16 18:07:55,396] INFO [GroupCoordinator 0]: Dynamic member with unknown member id joins group energy-spark-consumer in Stable state. Created a new member id rdkafka-17e0ed17-c747-4885-813a-38f400164de4 and request the member to rejoin with this id. (kafka.coordinator.group.GroupCoordinator)
[2024-11-16 18:07:55,397] INFO [GroupCoordinator 0]: Preparing to rebalance group energy-spark-consumer in state PreparingRebalance with old generation 1 (__consumer_offsets-13) (reason: Adding new member rdkafka-17e0ed17-c747-4885-813a-38f400164de4 with group instance id None; client reason: not provided) (kafka.coordinator.group.GroupCoordinator)
[2024-11-16 18:08:36,480] INFO [GroupCoordinator 0]: Member rdkafka-e1651485-41c5-4444-b228-dd260551d4f3 in group energy-spark-consumer has failed, removing it from the group (kafka.coordinator.group.GroupCoordinator)
[2024-11-16 18:08:36,481] INFO [GroupCoordinator 0]: Stabilized group energy-spark-consumer generation 2 (__consumer_offsets-13) with 1 members (kafka.coordinator.group.GroupCoordinator)
[2024-11-16 18:08:36,484] INFO [GroupCoordinator 0]: Assignment received from leader rdkafka-17e0ed17-c747-4885-813a-38f400164de4 for group energy-spark-consumer for generation 2. The group has 1 members, 0 of which are static. (kafka.coordinator.group.GroupCoordinator)
[2024-11-16 18:17:45,371] INFO [GroupCoordinator 0]: Dynamic member with unknown member id joins group energy-api-consumer in Empty state. Created a new member id rdkafka-a5ee1e48-a488-44a1-a1f0-d99a0af88e09 and request the member to rejoin with this id. (kafka.coordinator.group.GroupCoordinator)
[2024-11-16 18:17:45,373] INFO [GroupCoordinator 0]: Preparing to rebalance group energy-api-consumer in state PreparingRebalance with old generation 0 (__consumer_offsets-46) (reason: Adding new member rdkafka-a5ee1e48-a488-44a1-a1f0-d99a0af88e09 with group instance id None; client reason: not provided) (kafka.coordinator.group.GroupCoordinator)
[2024-11-16 18:17:45,374] INFO [GroupCoordinator 0]: Stabilized group energy-api-consumer generation 1 (__consumer_offsets-46) with 1 members (kafka.coordinator.group.GroupCoordinator)
[2024-11-16 18:17:56,875] INFO [GroupCoordinator 0]: Dynamic member with unknown member id joins group energy-api-consumer in CompletingRebalance state. Created a new member id rdkafka-c8cf1edf-4da0-4936-9dc1-884e0a2e3911 and request the member to rejoin with this id. (kafka.coordinator.group.GroupCoordinator)
[2024-11-16 18:17:56,877] INFO [GroupCoordinator 0]: Preparing to rebalance group energy-api-consumer in state PreparingRebalance with old generation 1 (__consumer_offsets-46) (reason: Adding new member rdkafka-c8cf1edf-4da0-4936-9dc1-884e0a2e3911 with group instance id None; client reason: not provided) (kafka.coordinator.group.GroupCoordinator)
[2024-11-16 18:18:30,376] INFO [GroupCoordinator 0]: Member rdkafka-a5ee1e48-a488-44a1-a1f0-d99a0af88e09 in group energy-api-consumer has failed, removing it from the group (kafka.coordinator.group.GroupCoordinator)
[2024-11-16 18:18:30,378] INFO [GroupCoordinator 0]: Stabilized group energy-api-consumer generation 2 (__consumer_offsets-46) with 1 members (kafka.coordinator.group.GroupCoordinator)
[2024-11-16 18:18:30,381] INFO [GroupCoordinator 0]: Assignment received from leader rdkafka-c8cf1edf-4da0-4936-9dc1-884e0a2e3911 for group energy-api-consumer for generation 2. The group has 1 members, 0 of which are static. (kafka.coordinator.group.GroupCoordinator)
[2024-11-16 18:20:14,883] INFO [GroupCoordinator 0]: Dynamic member with unknown member id joins group energy-consumer-group in Stable state. Created a new member id rdkafka-13c613b7-9651-4f6f-9151-7c6bf14ed3f9 and request the member to rejoin with this id. (kafka.coordinator.group.GroupCoordinator)
[2024-11-16 18:20:14,884] INFO [GroupCoordinator 0]: Preparing to rebalance group energy-consumer-group in state PreparingRebalance with old generation 1 (__consumer_offsets-31) (reason: Adding new member rdkafka-13c613b7-9651-4f6f-9151-7c6bf14ed3f9 with group instance id None; client reason: not provided) (kafka.coordinator.group.GroupCoordinator)
[2024-11-16 18:20:17,715] INFO [GroupCoordinator 0]: Stabilized group energy-consumer-group generation 2 (__consumer_offsets-31) with 2 members (kafka.coordinator.group.GroupCoordinator)
[2024-11-16 18:20:17,716] INFO [GroupCoordinator 0]: Assignment received from leader rdkafka-691bf12b-9e8b-4641-8791-d034c8712c51 for group energy-consumer-group for generation 2. The group has 2 members, 0 of which are static. (kafka.coordinator.group.GroupCoordinator)
[2024-11-16 18:25:27,662] INFO [GroupCoordinator 0]: Preparing to rebalance group energy-api-consumer in state PreparingRebalance with old generation 2 (__consumer_offsets-46) (reason: Removing member rdkafka-c8cf1edf-4da0-4936-9dc1-884e0a2e3911 on LeaveGroup; client reason: not provided) (kafka.coordinator.group.GroupCoordinator)
[2024-11-16 18:25:27,664] INFO [GroupCoordinator 0]: Group energy-api-consumer with generation 3 is now empty (__consumer_offsets-46) (kafka.coordinator.group.GroupCoordinator)
[2024-11-16 18:25:27,665] INFO [GroupCoordinator 0]: Member MemberMetadata(memberId=rdkafka-c8cf1edf-4da0-4936-9dc1-884e0a2e3911, groupInstanceId=None, clientId=rdkafka, clientHost=/127.0.0.1, sessionTimeoutMs=45000, rebalanceTimeoutMs=300000, supportedProtocols=List(range, roundrobin)) has left group energy-api-consumer through explicit `LeaveGroup`; client reason: not provided (kafka.coordinator.group.GroupCoordinator)
