[2024-11-16 17:28:43,479] INFO [Controller id=0 epoch=1] Changed partition energy-topic-0 state from NonExistentPartition to NewPartition with assigned replicas 0 (state.change.logger)
[2024-11-16 17:28:43,481] INFO [Controller id=0 epoch=1] Sending UpdateMetadata request to brokers HashSet() for 0 partitions (state.change.logger)
[2024-11-16 17:28:43,481] INFO [Controller id=0 epoch=1] Sending UpdateMetadata request to brokers HashSet() for 0 partitions (state.change.logger)
[2024-11-16 17:28:43,497] INFO [Controller id=0 epoch=1] Changed partition energy-topic-0 from NewPartition to OnlinePartition with state LeaderAndIsr(leader=0, leaderEpoch=0, isrWithBrokerEpoch=List(BrokerState(brokerId=0, brokerEpoch=-1)), leaderRecoveryState=RECOVERED, partitionEpoch=0) (state.change.logger)
[2024-11-16 17:28:43,497] INFO [Controller id=0 epoch=1] Sending LeaderAndIsr request to broker 0 with 1 become-leader and 0 become-follower partitions (state.change.logger)
[2024-11-16 17:28:43,498] INFO [Controller id=0 epoch=1] Sending UpdateMetadata request to brokers HashSet(0) for 1 partitions (state.change.logger)
[2024-11-16 17:28:43,498] INFO [Controller id=0 epoch=1] Sending UpdateMetadata request to brokers HashSet() for 0 partitions (state.change.logger)
[2024-11-16 17:28:43,503] INFO [Broker id=0] Handling LeaderAndIsr request correlationId 5 from controller 0 for 1 partitions (state.change.logger)
[2024-11-16 17:28:43,504] INFO [Broker id=0] Stopped fetchers as part of LeaderAndIsr request correlationId 5 from controller 0 epoch 1 as part of the become-leader transition for 1 partitions (state.change.logger)
[2024-11-16 17:28:43,510] INFO [Broker id=0] Leader energy-topic-0 with topic id Some(XHc6DKM2TZWlEoEs3Azp0Q) starts at leader epoch 0 from offset 0 with partition epoch 0, high watermark 0, ISR [0], adding replicas [] and removing replicas [] . Previous leader None and previous leader epoch was -1. (state.change.logger)
[2024-11-16 17:28:43,519] INFO [Broker id=0] Finished LeaderAndIsr request in 16ms correlationId 5 from controller 0 for 1 partitions (state.change.logger)
[2024-11-16 17:28:43,520] INFO [Broker id=0] Add 1 partitions and deleted 0 partitions from metadata cache in response to UpdateMetadata request sent by controller 0 epoch 1 with correlation id 6 (state.change.logger)
[2024-11-16 17:41:47,368] INFO [Controller id=0 epoch=1] Sending UpdateMetadata request to brokers HashSet() for 0 partitions (state.change.logger)
[2024-11-16 17:41:47,368] INFO [Controller id=0 epoch=1] Sending UpdateMetadata request to brokers HashSet() for 0 partitions (state.change.logger)
[2024-11-16 17:41:47,368] INFO [Controller id=0 epoch=1] Sending UpdateMetadata request to brokers HashSet(0) for 1 partitions (state.change.logger)
[2024-11-16 17:41:47,372] INFO [Broker id=0] Add 0 partitions and deleted 1 partitions from metadata cache in response to UpdateMetadata request sent by controller 0 epoch 1 with correlation id 7 (state.change.logger)
[2024-11-16 17:41:47,381] INFO [Controller id=0 epoch=1] Partition energy-topic-0 state changed to (Leader:-1,ISR:0,LeaderRecoveryState:RECOVERED,LeaderEpoch:1,ZkVersion:1,ControllerEpoch:1) after removing replica 0 from the ISR as part of transition to OfflineReplica (state.change.logger)
[2024-11-16 17:41:47,381] INFO [Controller id=0 epoch=1] Sending UpdateMetadata request to brokers HashSet() for 0 partitions (state.change.logger)
[2024-11-16 17:41:47,382] INFO [Controller id=0 epoch=1] Sending StopReplica request for 1 replicas to broker 0 (state.change.logger)
[2024-11-16 17:41:47,382] INFO [Controller id=0 epoch=1] Sending UpdateMetadata request to brokers HashSet() for 0 partitions (state.change.logger)
[2024-11-16 17:41:47,382] INFO [Controller id=0 epoch=1] Sending StopReplica request for 1 replicas to broker 0 (state.change.logger)
[2024-11-16 17:41:47,382] INFO [Broker id=0] Handling StopReplica request correlationId 8 from controller 0 for 1 partitions (state.change.logger)
[2024-11-16 17:41:47,386] INFO [Broker id=0] Handling StopReplica request correlationId 9 from controller 0 for 1 partitions (state.change.logger)
[2024-11-16 17:41:47,411] INFO [Controller id=0 epoch=1] Sending UpdateMetadata request to brokers HashSet() for 0 partitions (state.change.logger)
[2024-11-16 17:41:47,412] INFO [Controller id=0 epoch=1] Sending UpdateMetadata request to brokers HashSet() for 0 partitions (state.change.logger)
[2024-11-16 17:41:47,892] INFO [Controller id=0 epoch=1] Changed partition energy-topic-0 state from NonExistentPartition to NewPartition with assigned replicas 0 (state.change.logger)
[2024-11-16 17:41:47,892] INFO [Controller id=0 epoch=1] Sending UpdateMetadata request to brokers HashSet() for 0 partitions (state.change.logger)
[2024-11-16 17:41:47,892] INFO [Controller id=0 epoch=1] Sending UpdateMetadata request to brokers HashSet() for 0 partitions (state.change.logger)
[2024-11-16 17:41:47,908] INFO [Controller id=0 epoch=1] Changed partition energy-topic-0 from NewPartition to OnlinePartition with state LeaderAndIsr(leader=0, leaderEpoch=0, isrWithBrokerEpoch=List(BrokerState(brokerId=0, brokerEpoch=-1)), leaderRecoveryState=RECOVERED, partitionEpoch=0) (state.change.logger)
[2024-11-16 17:41:47,908] INFO [Controller id=0 epoch=1] Sending LeaderAndIsr request to broker 0 with 1 become-leader and 0 become-follower partitions (state.change.logger)
[2024-11-16 17:41:47,909] INFO [Controller id=0 epoch=1] Sending UpdateMetadata request to brokers HashSet(0) for 1 partitions (state.change.logger)
[2024-11-16 17:41:47,909] INFO [Controller id=0 epoch=1] Sending UpdateMetadata request to brokers HashSet() for 0 partitions (state.change.logger)
[2024-11-16 17:41:47,909] INFO [Broker id=0] Handling LeaderAndIsr request correlationId 10 from controller 0 for 1 partitions (state.change.logger)
[2024-11-16 17:41:47,909] INFO [Broker id=0] Stopped fetchers as part of LeaderAndIsr request correlationId 10 from controller 0 epoch 1 as part of the become-leader transition for 1 partitions (state.change.logger)
[2024-11-16 17:41:47,913] INFO [Broker id=0] Leader energy-topic-0 with topic id Some(1PvgoRNFRA2MhJydYSfCjQ) starts at leader epoch 0 from offset 0 with partition epoch 0, high watermark 0, ISR [0], adding replicas [] and removing replicas [] . Previous leader None and previous leader epoch was -1. (state.change.logger)
[2024-11-16 17:41:47,922] INFO [Broker id=0] Finished LeaderAndIsr request in 13ms correlationId 10 from controller 0 for 1 partitions (state.change.logger)
[2024-11-16 17:41:47,923] INFO [Broker id=0] Add 1 partitions and deleted 0 partitions from metadata cache in response to UpdateMetadata request sent by controller 0 epoch 1 with correlation id 11 (state.change.logger)
[2024-11-16 17:42:00,501] INFO [Controller id=0 epoch=1] Sending UpdateMetadata request to brokers HashSet() for 0 partitions (state.change.logger)
[2024-11-16 17:42:00,501] INFO [Controller id=0 epoch=1] Sending UpdateMetadata request to brokers HashSet() for 0 partitions (state.change.logger)
[2024-11-16 17:42:00,501] INFO [Controller id=0 epoch=1] Sending UpdateMetadata request to brokers HashSet(0) for 1 partitions (state.change.logger)
[2024-11-16 17:42:00,502] INFO [Broker id=0] Add 0 partitions and deleted 1 partitions from metadata cache in response to UpdateMetadata request sent by controller 0 epoch 1 with correlation id 12 (state.change.logger)
[2024-11-16 17:42:00,507] INFO [Controller id=0 epoch=1] Partition energy-topic-0 state changed to (Leader:-1,ISR:0,LeaderRecoveryState:RECOVERED,LeaderEpoch:1,ZkVersion:1,ControllerEpoch:1) after removing replica 0 from the ISR as part of transition to OfflineReplica (state.change.logger)
[2024-11-16 17:42:00,507] INFO [Controller id=0 epoch=1] Sending UpdateMetadata request to brokers HashSet() for 0 partitions (state.change.logger)
[2024-11-16 17:42:00,507] INFO [Controller id=0 epoch=1] Sending StopReplica request for 1 replicas to broker 0 (state.change.logger)
[2024-11-16 17:42:00,507] INFO [Controller id=0 epoch=1] Sending UpdateMetadata request to brokers HashSet() for 0 partitions (state.change.logger)
[2024-11-16 17:42:00,507] INFO [Controller id=0 epoch=1] Sending StopReplica request for 1 replicas to broker 0 (state.change.logger)
[2024-11-16 17:42:00,508] INFO [Broker id=0] Handling StopReplica request correlationId 13 from controller 0 for 1 partitions (state.change.logger)
[2024-11-16 17:42:00,508] INFO [Broker id=0] Handling StopReplica request correlationId 14 from controller 0 for 1 partitions (state.change.logger)
[2024-11-16 17:42:00,531] INFO [Controller id=0 epoch=1] Sending UpdateMetadata request to brokers HashSet() for 0 partitions (state.change.logger)
[2024-11-16 17:42:00,531] INFO [Controller id=0 epoch=1] Sending UpdateMetadata request to brokers HashSet() for 0 partitions (state.change.logger)
[2024-11-16 17:42:00,640] INFO [Controller id=0 epoch=1] Changed partition energy-topic-0 state from NonExistentPartition to NewPartition with assigned replicas 0 (state.change.logger)
[2024-11-16 17:42:00,640] INFO [Controller id=0 epoch=1] Sending UpdateMetadata request to brokers HashSet() for 0 partitions (state.change.logger)
[2024-11-16 17:42:00,640] INFO [Controller id=0 epoch=1] Sending UpdateMetadata request to brokers HashSet() for 0 partitions (state.change.logger)
[2024-11-16 17:42:00,654] INFO [Controller id=0 epoch=1] Changed partition energy-topic-0 from NewPartition to OnlinePartition with state LeaderAndIsr(leader=0, leaderEpoch=0, isrWithBrokerEpoch=List(BrokerState(brokerId=0, brokerEpoch=-1)), leaderRecoveryState=RECOVERED, partitionEpoch=0) (state.change.logger)
[2024-11-16 17:42:00,655] INFO [Controller id=0 epoch=1] Sending LeaderAndIsr request to broker 0 with 1 become-leader and 0 become-follower partitions (state.change.logger)
[2024-11-16 17:42:00,655] INFO [Controller id=0 epoch=1] Sending UpdateMetadata request to brokers HashSet(0) for 1 partitions (state.change.logger)
[2024-11-16 17:42:00,655] INFO [Controller id=0 epoch=1] Sending UpdateMetadata request to brokers HashSet() for 0 partitions (state.change.logger)
[2024-11-16 17:42:00,655] INFO [Broker id=0] Handling LeaderAndIsr request correlationId 15 from controller 0 for 1 partitions (state.change.logger)
[2024-11-16 17:42:00,655] INFO [Broker id=0] Stopped fetchers as part of LeaderAndIsr request correlationId 15 from controller 0 epoch 1 as part of the become-leader transition for 1 partitions (state.change.logger)
[2024-11-16 17:42:00,658] INFO [Broker id=0] Leader energy-topic-0 with topic id Some(4Jvm1BvZSr-NODP2lcBGqA) starts at leader epoch 0 from offset 0 with partition epoch 0, high watermark 0, ISR [0], adding replicas [] and removing replicas [] . Previous leader None and previous leader epoch was -1. (state.change.logger)
[2024-11-16 17:42:00,667] INFO [Broker id=0] Finished LeaderAndIsr request in 12ms correlationId 15 from controller 0 for 1 partitions (state.change.logger)
[2024-11-16 17:42:00,668] INFO [Broker id=0] Add 1 partitions and deleted 0 partitions from metadata cache in response to UpdateMetadata request sent by controller 0 epoch 1 with correlation id 16 (state.change.logger)
[2024-11-16 17:42:42,208] INFO [Controller id=0 epoch=1] Sending UpdateMetadata request to brokers HashSet() for 0 partitions (state.change.logger)
[2024-11-16 17:42:42,209] INFO [Controller id=0 epoch=1] Sending UpdateMetadata request to brokers HashSet() for 0 partitions (state.change.logger)
[2024-11-16 17:42:42,209] INFO [Controller id=0 epoch=1] Sending UpdateMetadata request to brokers HashSet(0) for 1 partitions (state.change.logger)
[2024-11-16 17:42:42,209] INFO [Broker id=0] Add 0 partitions and deleted 1 partitions from metadata cache in response to UpdateMetadata request sent by controller 0 epoch 1 with correlation id 17 (state.change.logger)
[2024-11-16 17:42:42,215] INFO [Controller id=0 epoch=1] Partition energy-topic-0 state changed to (Leader:-1,ISR:0,LeaderRecoveryState:RECOVERED,LeaderEpoch:1,ZkVersion:1,ControllerEpoch:1) after removing replica 0 from the ISR as part of transition to OfflineReplica (state.change.logger)
[2024-11-16 17:42:42,215] INFO [Controller id=0 epoch=1] Sending UpdateMetadata request to brokers HashSet() for 0 partitions (state.change.logger)
[2024-11-16 17:42:42,215] INFO [Controller id=0 epoch=1] Sending StopReplica request for 1 replicas to broker 0 (state.change.logger)
[2024-11-16 17:42:42,215] INFO [Controller id=0 epoch=1] Sending UpdateMetadata request to brokers HashSet() for 0 partitions (state.change.logger)
[2024-11-16 17:42:42,215] INFO [Controller id=0 epoch=1] Sending StopReplica request for 1 replicas to broker 0 (state.change.logger)
[2024-11-16 17:42:42,215] INFO [Broker id=0] Handling StopReplica request correlationId 18 from controller 0 for 1 partitions (state.change.logger)
[2024-11-16 17:42:42,216] INFO [Broker id=0] Handling StopReplica request correlationId 19 from controller 0 for 1 partitions (state.change.logger)
[2024-11-16 17:42:42,239] INFO [Controller id=0 epoch=1] Sending UpdateMetadata request to brokers HashSet() for 0 partitions (state.change.logger)
[2024-11-16 17:42:42,239] INFO [Controller id=0 epoch=1] Sending UpdateMetadata request to brokers HashSet() for 0 partitions (state.change.logger)
[2024-11-16 17:42:42,344] INFO [Controller id=0 epoch=1] Changed partition energy-topic-0 state from NonExistentPartition to NewPartition with assigned replicas 0 (state.change.logger)
[2024-11-16 17:42:42,344] INFO [Controller id=0 epoch=1] Sending UpdateMetadata request to brokers HashSet() for 0 partitions (state.change.logger)
[2024-11-16 17:42:42,344] INFO [Controller id=0 epoch=1] Sending UpdateMetadata request to brokers HashSet() for 0 partitions (state.change.logger)
[2024-11-16 17:42:42,359] INFO [Controller id=0 epoch=1] Changed partition energy-topic-0 from NewPartition to OnlinePartition with state LeaderAndIsr(leader=0, leaderEpoch=0, isrWithBrokerEpoch=List(BrokerState(brokerId=0, brokerEpoch=-1)), leaderRecoveryState=RECOVERED, partitionEpoch=0) (state.change.logger)
[2024-11-16 17:42:42,359] INFO [Controller id=0 epoch=1] Sending LeaderAndIsr request to broker 0 with 1 become-leader and 0 become-follower partitions (state.change.logger)
[2024-11-16 17:42:42,359] INFO [Controller id=0 epoch=1] Sending UpdateMetadata request to brokers HashSet(0) for 1 partitions (state.change.logger)
[2024-11-16 17:42:42,359] INFO [Controller id=0 epoch=1] Sending UpdateMetadata request to brokers HashSet() for 0 partitions (state.change.logger)
[2024-11-16 17:42:42,359] INFO [Broker id=0] Handling LeaderAndIsr request correlationId 20 from controller 0 for 1 partitions (state.change.logger)
[2024-11-16 17:42:42,360] INFO [Broker id=0] Stopped fetchers as part of LeaderAndIsr request correlationId 20 from controller 0 epoch 1 as part of the become-leader transition for 1 partitions (state.change.logger)
[2024-11-16 17:42:42,362] INFO [Broker id=0] Leader energy-topic-0 with topic id Some(rAF5-jIkRLy5hE8hNKSaAA) starts at leader epoch 0 from offset 0 with partition epoch 0, high watermark 0, ISR [0], adding replicas [] and removing replicas [] . Previous leader None and previous leader epoch was -1. (state.change.logger)
[2024-11-16 17:42:42,373] INFO [Broker id=0] Finished LeaderAndIsr request in 14ms correlationId 20 from controller 0 for 1 partitions (state.change.logger)
[2024-11-16 17:42:42,373] INFO [Broker id=0] Add 1 partitions and deleted 0 partitions from metadata cache in response to UpdateMetadata request sent by controller 0 epoch 1 with correlation id 21 (state.change.logger)
[2024-11-16 17:43:01,132] INFO [Controller id=0 epoch=1] Sending UpdateMetadata request to brokers HashSet() for 0 partitions (state.change.logger)
[2024-11-16 17:45:05,612] INFO [Controller id=0 epoch=2] Sending UpdateMetadata request to brokers HashSet(0) for 0 partitions (state.change.logger)
[2024-11-16 17:45:05,630] INFO [Controller id=0 epoch=2] Sending LeaderAndIsr request to broker 0 with 52 become-leader and 0 become-follower partitions (state.change.logger)
[2024-11-16 17:45:05,631] INFO [Controller id=0 epoch=2] Sending UpdateMetadata request to brokers HashSet(0) for 52 partitions (state.change.logger)
[2024-11-16 17:45:05,763] INFO [Broker id=0] Handling LeaderAndIsr request correlationId 1 from controller 0 for 52 partitions (state.change.logger)
[2024-11-16 17:45:05,772] INFO [Broker id=0] Stopped fetchers as part of LeaderAndIsr request correlationId 1 from controller 0 epoch 2 as part of the become-leader transition for 52 partitions (state.change.logger)
[2024-11-16 17:45:05,777] INFO [Broker id=0] Leader __consumer_offsets-3 with topic id Some(D-3xW89USVWyhMJN_AuPkw) starts at leader epoch 0 from offset 0 with partition epoch 0, high watermark 0, ISR [0], adding replicas [] and removing replicas [] . Previous leader None and previous leader epoch was -1. (state.change.logger)
[2024-11-16 17:45:05,783] INFO [Broker id=0] Leader __consumer_offsets-18 with topic id Some(D-3xW89USVWyhMJN_AuPkw) starts at leader epoch 0 from offset 3 with partition epoch 0, high watermark 3, ISR [0], adding replicas [] and removing replicas [] . Previous leader None and previous leader epoch was -1. (state.change.logger)
[2024-11-16 17:45:05,783] INFO [Broker id=0] Leader __consumer_offsets-41 with topic id Some(D-3xW89USVWyhMJN_AuPkw) starts at leader epoch 0 from offset 0 with partition epoch 0, high watermark 0, ISR [0], adding replicas [] and removing replicas [] . Previous leader None and previous leader epoch was -1. (state.change.logger)
[2024-11-16 17:45:05,789] INFO [Broker id=0] Leader __consumer_offsets-10 with topic id Some(D-3xW89USVWyhMJN_AuPkw) starts at leader epoch 0 from offset 0 with partition epoch 0, high watermark 0, ISR [0], adding replicas [] and removing replicas [] . Previous leader None and previous leader epoch was -1. (state.change.logger)
[2024-11-16 17:45:05,794] INFO [Broker id=0] Leader __consumer_offsets-33 with topic id Some(D-3xW89USVWyhMJN_AuPkw) starts at leader epoch 0 from offset 0 with partition epoch 0, high watermark 0, ISR [0], adding replicas [] and removing replicas [] . Previous leader None and previous leader epoch was -1. (state.change.logger)
[2024-11-16 17:45:05,799] INFO [Broker id=0] Leader __consumer_offsets-48 with topic id Some(D-3xW89USVWyhMJN_AuPkw) starts at leader epoch 0 from offset 0 with partition epoch 0, high watermark 0, ISR [0], adding replicas [] and removing replicas [] . Previous leader None and previous leader epoch was -1. (state.change.logger)
[2024-11-16 17:45:05,804] INFO [Broker id=0] Leader __consumer_offsets-19 with topic id Some(D-3xW89USVWyhMJN_AuPkw) starts at leader epoch 0 from offset 0 with partition epoch 0, high watermark 0, ISR [0], adding replicas [] and removing replicas [] . Previous leader None and previous leader epoch was -1. (state.change.logger)
[2024-11-16 17:45:05,809] INFO [Broker id=0] Leader __consumer_offsets-34 with topic id Some(D-3xW89USVWyhMJN_AuPkw) starts at leader epoch 0 from offset 0 with partition epoch 0, high watermark 0, ISR [0], adding replicas [] and removing replicas [] . Previous leader None and previous leader epoch was -1. (state.change.logger)
[2024-11-16 17:45:05,814] INFO [Broker id=0] Leader __consumer_offsets-4 with topic id Some(D-3xW89USVWyhMJN_AuPkw) starts at leader epoch 0 from offset 0 with partition epoch 0, high watermark 0, ISR [0], adding replicas [] and removing replicas [] . Previous leader None and previous leader epoch was -1. (state.change.logger)
[2024-11-16 17:45:05,820] INFO [Broker id=0] Leader __consumer_offsets-11 with topic id Some(D-3xW89USVWyhMJN_AuPkw) starts at leader epoch 0 from offset 0 with partition epoch 0, high watermark 0, ISR [0], adding replicas [] and removing replicas [] . Previous leader None and previous leader epoch was -1. (state.change.logger)
[2024-11-16 17:45:05,826] INFO [Broker id=0] Leader __consumer_offsets-26 with topic id Some(D-3xW89USVWyhMJN_AuPkw) starts at leader epoch 0 from offset 0 with partition epoch 0, high watermark 0, ISR [0], adding replicas [] and removing replicas [] . Previous leader None and previous leader epoch was -1. (state.change.logger)
[2024-11-16 17:45:05,831] INFO [Broker id=0] Leader __consumer_offsets-49 with topic id Some(D-3xW89USVWyhMJN_AuPkw) starts at leader epoch 0 from offset 0 with partition epoch 0, high watermark 0, ISR [0], adding replicas [] and removing replicas [] . Previous leader None and previous leader epoch was -1. (state.change.logger)
[2024-11-16 17:45:05,838] INFO [Broker id=0] Leader __consumer_offsets-39 with topic id Some(D-3xW89USVWyhMJN_AuPkw) starts at leader epoch 0 from offset 0 with partition epoch 0, high watermark 0, ISR [0], adding replicas [] and removing replicas [] . Previous leader None and previous leader epoch was -1. (state.change.logger)
[2024-11-16 17:45:05,844] INFO [Broker id=0] Leader __consumer_offsets-9 with topic id Some(D-3xW89USVWyhMJN_AuPkw) starts at leader epoch 0 from offset 0 with partition epoch 0, high watermark 0, ISR [0], adding replicas [] and removing replicas [] . Previous leader None and previous leader epoch was -1. (state.change.logger)
[2024-11-16 17:45:05,849] INFO [Broker id=0] Leader __consumer_offsets-24 with topic id Some(D-3xW89USVWyhMJN_AuPkw) starts at leader epoch 0 from offset 0 with partition epoch 0, high watermark 0, ISR [0], adding replicas [] and removing replicas [] . Previous leader None and previous leader epoch was -1. (state.change.logger)
[2024-11-16 17:45:05,855] INFO [Broker id=0] Leader __consumer_offsets-31 with topic id Some(D-3xW89USVWyhMJN_AuPkw) starts at leader epoch 0 from offset 0 with partition epoch 0, high watermark 0, ISR [0], adding replicas [] and removing replicas [] . Previous leader None and previous leader epoch was -1. (state.change.logger)
[2024-11-16 17:45:05,861] INFO [Broker id=0] Leader __consumer_offsets-46 with topic id Some(D-3xW89USVWyhMJN_AuPkw) starts at leader epoch 0 from offset 0 with partition epoch 0, high watermark 0, ISR [0], adding replicas [] and removing replicas [] . Previous leader None and previous leader epoch was -1. (state.change.logger)
[2024-11-16 17:45:05,867] INFO [Broker id=0] Leader __consumer_offsets-1 with topic id Some(D-3xW89USVWyhMJN_AuPkw) starts at leader epoch 0 from offset 0 with partition epoch 0, high watermark 0, ISR [0], adding replicas [] and removing replicas [] . Previous leader None and previous leader epoch was -1. (state.change.logger)
[2024-11-16 17:45:05,873] INFO [Broker id=0] Leader __consumer_offsets-16 with topic id Some(D-3xW89USVWyhMJN_AuPkw) starts at leader epoch 0 from offset 0 with partition epoch 0, high watermark 0, ISR [0], adding replicas [] and removing replicas [] . Previous leader None and previous leader epoch was -1. (state.change.logger)
[2024-11-16 17:45:05,879] INFO [Broker id=0] Leader __consumer_offsets-2 with topic id Some(D-3xW89USVWyhMJN_AuPkw) starts at leader epoch 0 from offset 0 with partition epoch 0, high watermark 0, ISR [0], adding replicas [] and removing replicas [] . Previous leader None and previous leader epoch was -1. (state.change.logger)
[2024-11-16 17:45:05,885] INFO [Broker id=0] Leader __consumer_offsets-25 with topic id Some(D-3xW89USVWyhMJN_AuPkw) starts at leader epoch 0 from offset 0 with partition epoch 0, high watermark 0, ISR [0], adding replicas [] and removing replicas [] . Previous leader None and previous leader epoch was -1. (state.change.logger)
[2024-11-16 17:45:05,889] INFO [Broker id=0] Leader __consumer_offsets-40 with topic id Some(D-3xW89USVWyhMJN_AuPkw) starts at leader epoch 0 from offset 7 with partition epoch 0, high watermark 7, ISR [0], adding replicas [] and removing replicas [] . Previous leader None and previous leader epoch was -1. (state.change.logger)
[2024-11-16 17:45:05,890] INFO [Broker id=0] Leader __consumer_offsets-47 with topic id Some(D-3xW89USVWyhMJN_AuPkw) starts at leader epoch 0 from offset 3 with partition epoch 0, high watermark 3, ISR [0], adding replicas [] and removing replicas [] . Previous leader None and previous leader epoch was -1. (state.change.logger)
[2024-11-16 17:45:05,890] INFO [Broker id=0] Leader __consumer_offsets-17 with topic id Some(D-3xW89USVWyhMJN_AuPkw) starts at leader epoch 0 from offset 0 with partition epoch 0, high watermark 0, ISR [0], adding replicas [] and removing replicas [] . Previous leader None and previous leader epoch was -1. (state.change.logger)
[2024-11-16 17:45:05,896] INFO [Broker id=0] Leader __consumer_offsets-32 with topic id Some(D-3xW89USVWyhMJN_AuPkw) starts at leader epoch 0 from offset 0 with partition epoch 0, high watermark 0, ISR [0], adding replicas [] and removing replicas [] . Previous leader None and previous leader epoch was -1. (state.change.logger)
[2024-11-16 17:45:05,900] INFO [Broker id=0] Leader __consumer_offsets-37 with topic id Some(D-3xW89USVWyhMJN_AuPkw) starts at leader epoch 0 from offset 0 with partition epoch 0, high watermark 0, ISR [0], adding replicas [] and removing replicas [] . Previous leader None and previous leader epoch was -1. (state.change.logger)
[2024-11-16 17:45:05,906] INFO [Broker id=0] Leader __consumer_offsets-7 with topic id Some(D-3xW89USVWyhMJN_AuPkw) starts at leader epoch 0 from offset 0 with partition epoch 0, high watermark 0, ISR [0], adding replicas [] and removing replicas [] . Previous leader None and previous leader epoch was -1. (state.change.logger)
[2024-11-16 17:45:05,912] INFO [Broker id=0] Leader __consumer_offsets-22 with topic id Some(D-3xW89USVWyhMJN_AuPkw) starts at leader epoch 0 from offset 0 with partition epoch 0, high watermark 0, ISR [0], adding replicas [] and removing replicas [] . Previous leader None and previous leader epoch was -1. (state.change.logger)
[2024-11-16 17:45:05,918] INFO [Broker id=0] Leader __consumer_offsets-29 with topic id Some(D-3xW89USVWyhMJN_AuPkw) starts at leader epoch 0 from offset 0 with partition epoch 0, high watermark 0, ISR [0], adding replicas [] and removing replicas [] . Previous leader None and previous leader epoch was -1. (state.change.logger)
[2024-11-16 17:45:05,923] INFO [Broker id=0] Leader __consumer_offsets-44 with topic id Some(D-3xW89USVWyhMJN_AuPkw) starts at leader epoch 0 from offset 0 with partition epoch 0, high watermark 0, ISR [0], adding replicas [] and removing replicas [] . Previous leader None and previous leader epoch was -1. (state.change.logger)
[2024-11-16 17:45:05,928] INFO [Broker id=0] Leader __consumer_offsets-14 with topic id Some(D-3xW89USVWyhMJN_AuPkw) starts at leader epoch 0 from offset 0 with partition epoch 0, high watermark 0, ISR [0], adding replicas [] and removing replicas [] . Previous leader None and previous leader epoch was -1. (state.change.logger)
[2024-11-16 17:45:05,932] INFO [Broker id=0] Leader energy-topic-0 with topic id Some(rAF5-jIkRLy5hE8hNKSaAA) starts at leader epoch 0 from offset 0 with partition epoch 0, high watermark 0, ISR [0], adding replicas [] and removing replicas [] . Previous leader None and previous leader epoch was -1. (state.change.logger)
[2024-11-16 17:45:05,938] INFO [Broker id=0] Leader __consumer_offsets-23 with topic id Some(D-3xW89USVWyhMJN_AuPkw) starts at leader epoch 0 from offset 0 with partition epoch 0, high watermark 0, ISR [0], adding replicas [] and removing replicas [] . Previous leader None and previous leader epoch was -1. (state.change.logger)
[2024-11-16 17:45:05,943] INFO [Broker id=0] Leader __consumer_offsets-38 with topic id Some(D-3xW89USVWyhMJN_AuPkw) starts at leader epoch 0 from offset 0 with partition epoch 0, high watermark 0, ISR [0], adding replicas [] and removing replicas [] . Previous leader None and previous leader epoch was -1. (state.change.logger)
[2024-11-16 17:45:05,949] INFO [Broker id=0] Leader __consumer_offsets-8 with topic id Some(D-3xW89USVWyhMJN_AuPkw) starts at leader epoch 0 from offset 0 with partition epoch 0, high watermark 0, ISR [0], adding replicas [] and removing replicas [] . Previous leader None and previous leader epoch was -1. (state.change.logger)
[2024-11-16 17:45:05,954] INFO [Broker id=0] Leader __consumer_offsets-45 with topic id Some(D-3xW89USVWyhMJN_AuPkw) starts at leader epoch 0 from offset 0 with partition epoch 0, high watermark 0, ISR [0], adding replicas [] and removing replicas [] . Previous leader None and previous leader epoch was -1. (state.change.logger)
[2024-11-16 17:45:05,959] INFO [Broker id=0] Leader __consumer_offsets-15 with topic id Some(D-3xW89USVWyhMJN_AuPkw) starts at leader epoch 0 from offset 0 with partition epoch 0, high watermark 0, ISR [0], adding replicas [] and removing replicas [] . Previous leader None and previous leader epoch was -1. (state.change.logger)
[2024-11-16 17:45:05,964] INFO [Broker id=0] Leader __consumer_offsets-30 with topic id Some(D-3xW89USVWyhMJN_AuPkw) starts at leader epoch 0 from offset 0 with partition epoch 0, high watermark 0, ISR [0], adding replicas [] and removing replicas [] . Previous leader None and previous leader epoch was -1. (state.change.logger)
[2024-11-16 17:45:05,970] INFO [Broker id=0] Leader __consumer_offsets-0 with topic id Some(D-3xW89USVWyhMJN_AuPkw) starts at leader epoch 0 from offset 0 with partition epoch 0, high watermark 0, ISR [0], adding replicas [] and removing replicas [] . Previous leader None and previous leader epoch was -1. (state.change.logger)
[2024-11-16 17:45:05,975] INFO [Broker id=0] Leader __consumer_offsets-35 with topic id Some(D-3xW89USVWyhMJN_AuPkw) starts at leader epoch 0 from offset 0 with partition epoch 0, high watermark 0, ISR [0], adding replicas [] and removing replicas [] . Previous leader None and previous leader epoch was -1. (state.change.logger)
[2024-11-16 17:45:05,980] INFO [Broker id=0] Leader __consumer_offsets-5 with topic id Some(D-3xW89USVWyhMJN_AuPkw) starts at leader epoch 0 from offset 3 with partition epoch 0, high watermark 3, ISR [0], adding replicas [] and removing replicas [] . Previous leader None and previous leader epoch was -1. (state.change.logger)
[2024-11-16 17:45:05,980] INFO [Broker id=0] Leader __consumer_offsets-20 with topic id Some(D-3xW89USVWyhMJN_AuPkw) starts at leader epoch 0 from offset 0 with partition epoch 0, high watermark 0, ISR [0], adding replicas [] and removing replicas [] . Previous leader None and previous leader epoch was -1. (state.change.logger)
[2024-11-16 17:45:05,986] INFO [Broker id=0] Leader __consumer_offsets-27 with topic id Some(D-3xW89USVWyhMJN_AuPkw) starts at leader epoch 0 from offset 0 with partition epoch 0, high watermark 0, ISR [0], adding replicas [] and removing replicas [] . Previous leader None and previous leader epoch was -1. (state.change.logger)
[2024-11-16 17:45:05,991] INFO [Broker id=0] Leader __consumer_offsets-42 with topic id Some(D-3xW89USVWyhMJN_AuPkw) starts at leader epoch 0 from offset 0 with partition epoch 0, high watermark 0, ISR [0], adding replicas [] and removing replicas [] . Previous leader None and previous leader epoch was -1. (state.change.logger)
[2024-11-16 17:45:05,996] INFO [Broker id=0] Leader __consumer_offsets-12 with topic id Some(D-3xW89USVWyhMJN_AuPkw) starts at leader epoch 0 from offset 0 with partition epoch 0, high watermark 0, ISR [0], adding replicas [] and removing replicas [] . Previous leader None and previous leader epoch was -1. (state.change.logger)
[2024-11-16 17:45:06,003] INFO [Broker id=0] Leader __consumer_offsets-21 with topic id Some(D-3xW89USVWyhMJN_AuPkw) starts at leader epoch 0 from offset 0 with partition epoch 0, high watermark 0, ISR [0], adding replicas [] and removing replicas [] . Previous leader None and previous leader epoch was -1. (state.change.logger)
[2024-11-16 17:45:06,009] INFO [Broker id=0] Leader test-topic-0 with topic id Some(gk8M-6TRTCq6Nd92wFoiIg) starts at leader epoch 0 from offset 1 with partition epoch 0, high watermark 1, ISR [0], adding replicas [] and removing replicas [] . Previous leader None and previous leader epoch was -1. (state.change.logger)
[2024-11-16 17:45:06,009] INFO [Broker id=0] Leader __consumer_offsets-36 with topic id Some(D-3xW89USVWyhMJN_AuPkw) starts at leader epoch 0 from offset 0 with partition epoch 0, high watermark 0, ISR [0], adding replicas [] and removing replicas [] . Previous leader None and previous leader epoch was -1. (state.change.logger)
[2024-11-16 17:45:06,015] INFO [Broker id=0] Leader __consumer_offsets-6 with topic id Some(D-3xW89USVWyhMJN_AuPkw) starts at leader epoch 0 from offset 0 with partition epoch 0, high watermark 0, ISR [0], adding replicas [] and removing replicas [] . Previous leader None and previous leader epoch was -1. (state.change.logger)
[2024-11-16 17:45:06,021] INFO [Broker id=0] Leader __consumer_offsets-43 with topic id Some(D-3xW89USVWyhMJN_AuPkw) starts at leader epoch 0 from offset 0 with partition epoch 0, high watermark 0, ISR [0], adding replicas [] and removing replicas [] . Previous leader None and previous leader epoch was -1. (state.change.logger)
[2024-11-16 17:45:06,027] INFO [Broker id=0] Leader __consumer_offsets-13 with topic id Some(D-3xW89USVWyhMJN_AuPkw) starts at leader epoch 0 from offset 0 with partition epoch 0, high watermark 0, ISR [0], adding replicas [] and removing replicas [] . Previous leader None and previous leader epoch was -1. (state.change.logger)
[2024-11-16 17:45:06,033] INFO [Broker id=0] Leader __consumer_offsets-28 with topic id Some(D-3xW89USVWyhMJN_AuPkw) starts at leader epoch 0 from offset 0 with partition epoch 0, high watermark 0, ISR [0], adding replicas [] and removing replicas [] . Previous leader None and previous leader epoch was -1. (state.change.logger)
[2024-11-16 17:45:06,051] INFO [Broker id=0] Finished LeaderAndIsr request in 289ms correlationId 1 from controller 0 for 52 partitions (state.change.logger)
[2024-11-16 17:45:06,057] INFO [Broker id=0] Add 52 partitions and deleted 0 partitions from metadata cache in response to UpdateMetadata request sent by controller 0 epoch 2 with correlation id 2 (state.change.logger)
[2024-11-16 17:46:16,597] INFO [Controller id=0 epoch=2] Sending UpdateMetadata request to brokers HashSet() for 0 partitions (state.change.logger)
[2024-11-16 17:46:16,597] INFO [Controller id=0 epoch=2] Sending UpdateMetadata request to brokers HashSet() for 0 partitions (state.change.logger)
[2024-11-16 17:46:16,597] INFO [Controller id=0 epoch=2] Sending UpdateMetadata request to brokers HashSet(0) for 1 partitions (state.change.logger)
[2024-11-16 17:46:16,598] INFO [Broker id=0] Add 0 partitions and deleted 1 partitions from metadata cache in response to UpdateMetadata request sent by controller 0 epoch 2 with correlation id 3 (state.change.logger)
[2024-11-16 17:46:16,608] INFO [Controller id=0 epoch=2] Partition energy-topic-0 state changed to (Leader:-1,ISR:0,LeaderRecoveryState:RECOVERED,LeaderEpoch:1,ZkVersion:1,ControllerEpoch:2) after removing replica 0 from the ISR as part of transition to OfflineReplica (state.change.logger)
[2024-11-16 17:46:16,608] INFO [Controller id=0 epoch=2] Sending UpdateMetadata request to brokers HashSet() for 0 partitions (state.change.logger)
[2024-11-16 17:46:16,608] INFO [Controller id=0 epoch=2] Sending StopReplica request for 1 replicas to broker 0 (state.change.logger)
[2024-11-16 17:46:16,609] INFO [Controller id=0 epoch=2] Sending UpdateMetadata request to brokers HashSet() for 0 partitions (state.change.logger)
[2024-11-16 17:46:16,609] INFO [Controller id=0 epoch=2] Sending StopReplica request for 1 replicas to broker 0 (state.change.logger)
[2024-11-16 17:46:16,609] INFO [Broker id=0] Handling StopReplica request correlationId 4 from controller 0 for 1 partitions (state.change.logger)
[2024-11-16 17:46:16,613] INFO [Broker id=0] Handling StopReplica request correlationId 5 from controller 0 for 1 partitions (state.change.logger)
[2024-11-16 17:46:16,638] INFO [Controller id=0 epoch=2] Sending UpdateMetadata request to brokers HashSet() for 0 partitions (state.change.logger)
[2024-11-16 17:46:16,639] INFO [Controller id=0 epoch=2] Sending UpdateMetadata request to brokers HashSet() for 0 partitions (state.change.logger)
[2024-11-16 17:46:34,205] INFO [Controller id=0 epoch=2] Changed partition energy-topic-0 state from NonExistentPartition to NewPartition with assigned replicas 0 (state.change.logger)
[2024-11-16 17:46:34,205] INFO [Controller id=0 epoch=2] Sending UpdateMetadata request to brokers HashSet() for 0 partitions (state.change.logger)
[2024-11-16 17:46:34,206] INFO [Controller id=0 epoch=2] Sending UpdateMetadata request to brokers HashSet() for 0 partitions (state.change.logger)
[2024-11-16 17:46:34,222] INFO [Controller id=0 epoch=2] Changed partition energy-topic-0 from NewPartition to OnlinePartition with state LeaderAndIsr(leader=0, leaderEpoch=0, isrWithBrokerEpoch=List(BrokerState(brokerId=0, brokerEpoch=-1)), leaderRecoveryState=RECOVERED, partitionEpoch=0) (state.change.logger)
[2024-11-16 17:46:34,222] INFO [Controller id=0 epoch=2] Sending LeaderAndIsr request to broker 0 with 1 become-leader and 0 become-follower partitions (state.change.logger)
[2024-11-16 17:46:34,222] INFO [Controller id=0 epoch=2] Sending UpdateMetadata request to brokers HashSet(0) for 1 partitions (state.change.logger)
[2024-11-16 17:46:34,222] INFO [Controller id=0 epoch=2] Sending UpdateMetadata request to brokers HashSet() for 0 partitions (state.change.logger)
[2024-11-16 17:46:34,223] INFO [Broker id=0] Handling LeaderAndIsr request correlationId 6 from controller 0 for 1 partitions (state.change.logger)
[2024-11-16 17:46:34,223] INFO [Broker id=0] Stopped fetchers as part of LeaderAndIsr request correlationId 6 from controller 0 epoch 2 as part of the become-leader transition for 1 partitions (state.change.logger)
[2024-11-16 17:46:34,227] INFO [Broker id=0] Leader energy-topic-0 with topic id Some(z5L01rqQTjmFFhDKKI0m1Q) starts at leader epoch 0 from offset 0 with partition epoch 0, high watermark 0, ISR [0], adding replicas [] and removing replicas [] . Previous leader None and previous leader epoch was -1. (state.change.logger)
[2024-11-16 17:46:34,236] INFO [Broker id=0] Finished LeaderAndIsr request in 13ms correlationId 6 from controller 0 for 1 partitions (state.change.logger)
[2024-11-16 17:46:34,236] INFO [Broker id=0] Add 1 partitions and deleted 0 partitions from metadata cache in response to UpdateMetadata request sent by controller 0 epoch 2 with correlation id 7 (state.change.logger)
